[16:04:21] [Server thread/ERROR]: Encountered an unexpected exception
java.lang.IllegalArgumentException: n must be positive
	at java.util.Random.nextInt(Unknown Source) ~[?:?]
	at net.minecraft.server.v1_7_R1.BiomeDecorator.a(SourceFile:122) ~[craftbukkit.jar:git-Bukkit-1.7.2-R0.2-50-gdce2b35-b3019jnks]
	at net.minecraft.server.v1_7_R1.BiomeDecorator.a(SourceFile:27) ~[craftbukkit.jar:git-Bukkit-1.7.2-R0.2-50-gdce2b35-b3019jnks]
	at net.minecraft.server.v1_7_R1.BiomeBase.a(SourceFile:362) ~[craftbukkit.jar:git-Bukkit-1.7.2-R0.2-50-gdce2b35-b3019jnks]
	at net.minecraft.server.v1_7_R1.BiomeBigHills.a(SourceFile:42) ~[craftbukkit.jar:git-Bukkit-1.7.2-R0.2-50-gdce2b35-b3019jnks]
	at net.minecraft.server.v1_7_R1.ChunkProviderGenerate.getChunkAt(SourceFile:432) ~[craftbukkit.jar:git-Bukkit-1.7.2-R0.2-50-gdce2b35-b3019jnks]
	at org.bukkit.craftbukkit.v1_7_R1.generator.NormalChunkGenerator.getChunkAt(NormalChunkGenerator.java:49) ~[craftbukkit.jar:git-Bukkit-1.7.2-R0.2-50-gdce2b35-b3019jnks]
	at net.minecraft.server.v1_7_R1.ChunkProviderServer.getChunkAt(ChunkProviderServer.java:238) ~[craftbukkit.jar:git-Bukkit-1.7.2-R0.2-50-gdce2b35-b3019jnks]
	at net.minecraft.server.v1_7_R1.Chunk.a(Chunk.java:828) ~[craftbukkit.jar:git-Bukkit-1.7.2-R0.2-50-gdce2b35-b3019jnks]
	at org.bukkit.craftbukkit.v1_7_R1.chunkio.ChunkIOProvider.callStage2(ChunkIOProvider.java:51) ~[craftbukkit.jar:git-Bukkit-1.7.2-R0.2-50-gdce2b35-b3019jnks]
	at org.bukkit.craftbukkit.v1_7_R1.chunkio.ChunkIOProvider.callStage2(ChunkIOProvider.java:13) ~[craftbukkit.jar:git-Bukkit-1.7.2-R0.2-50-gdce2b35-b3019jnks]
	at org.bukkit.craftbukkit.v1_7_R1.util.AsynchronousExecutor$Task.finish(AsynchronousExecutor.java:188) ~[craftbukkit.jar:git-Bukkit-1.7.2-R0.2-50-gdce2b35-b3019jnks]
	at org.bukkit.craftbukkit.v1_7_R1.util.AsynchronousExecutor.finishActive(AsynchronousExecutor.java:347) ~[craftbukkit.jar:git-Bukkit-1.7.2-R0.2-50-gdce2b35-b3019jnks]
	at org.bukkit.craftbukkit.v1_7_R1.chunkio.ChunkIOExecutor.tick(ChunkIOExecutor.java:29) ~[craftbukkit.jar:git-Bukkit-1.7.2-R0.2-50-gdce2b35-b3019jnks]
	at net.minecraft.server.v1_7_R1.MinecraftServer.u(MinecraftServer.java:594) ~[craftbukkit.jar:git-Bukkit-1.7.2-R0.2-50-gdce2b35-b3019jnks]
	at net.minecraft.server.v1_7_R1.DedicatedServer.u(DedicatedServer.java:250) ~[craftbukkit.jar:git-Bukkit-1.7.2-R0.2-50-gdce2b35-b3019jnks]
	at net.minecraft.server.v1_7_R1.MinecraftServer.t(MinecraftServer.java:545) ~[craftbukkit.jar:git-Bukkit-1.7.2-R0.2-50-gdce2b35-b3019jnks]
	at net.minecraft.server.v1_7_R1.MinecraftServer.run(MinecraftServer.java:457) [craftbukkit.jar:git-Bukkit-1.7.2-R0.2-50-gdce2b35-b3019jnks]
	at net.minecraft.server.v1_7_R1.ThreadServerApplication.run(SourceFile:617) [craftbukkit.jar:git-Bukkit-1.7.2-R0.2-50-gdce2b35-b3019jnks]
[16:04:21] [Server thread/ERROR]: This crash report has been saved to: /home/multicraft/ssd/servers/server2874/./crash-reports/crash-2014-07-31_16.04.21-server.txt
[16:04:35] [Netty IO #2/INFO]: [Игрок] Kamil_Shar: А лаги
[16:04:36] [Netty IO #9/INFO]: [Игрок] Nastuha: Все на прятки
[16:04:43] [Server thread/INFO]: На сервере 18 игроков из 40 максимальных.
[16:04:43] [Server thread/INFO]: Admin1: lappa
[16:04:43] [Server thread/INFO]: Admin3: hucker
[16:04:43] [Server thread/INFO]: Player: Barbara2000, bikben, coachest, dgentelmen1, Jeff964, Kamil_Shar, leco100, Mr_Sany, Nastuha, POPsJBan, Roki, Sergey_Zolotarev, sid24082001, Starik, vvvitia201, xKillerRainbowx
[16:04:49] [Netty IO #2/INFO]: [Игрок] Kamil_Shar: Чёрт
[16:05:18] [Server thread/INFO]: На сервере 18 игроков из 40 максимальных.
[16:05:18] [Server thread/INFO]: Admin1: lappa
[16:05:18] [Server thread/INFO]: Admin3: hucker
[16:05:18] [Server thread/INFO]: Player: Barbara2000, bikben, coachest, dgentelmen1, Jeff964, Kamil_Shar, leco100, Mr_Sany, Nastuha, POPsJBan, Roki, Sergey_Zolotarev, sid24082001, Starik, vvvitia201, xKillerRainbowx
[16:05:53] [Server thread/INFO]: На сервере 18 игроков из 40 максимальных.
[16:05:53] [Server thread/INFO]: Admin1: lappa
[16:05:53] [Server thread/INFO]: Admin3: hucker
[16:05:53] [Server thread/INFO]: Player: Barbara2000, bikben, coachest, dgentelmen1, Jeff964, Kamil_Shar, leco100, Mr_Sany, Nastuha, POPsJBan, Roki, Sergey_Zolotarev, sid24082001, Starik, vvvitia201, xKillerRainbowx
[16:06:28] [Server thread/INFO]: На сервере 18 игроков из 40 максимальных.
[16:06:28] [Server thread/INFO]: Admin1: lappa
[16:06:28] [Server thread/INFO]: Admin3: hucker
[16:06:28] [Server thread/INFO]: Player: Barbara2000, bikben, coachest, dgentelmen1, Jeff964, Kamil_Shar, leco100, Mr_Sany, Nastuha, POPsJBan, Roki, Sergey_Zolotarev, sid24082001, Starik, vvvitia201, xKillerRainbowx
[16:07:03] [Server thread/INFO]: На сервере 18 игроков из 40 максимальных.
[16:07:03] [Server thread/INFO]: Admin1: lappa
[16:07:03] [Server thread/INFO]: Admin3: hucker
[16:07:03] [Server thread/INFO]: Player: Barbara2000, bikben, coachest, dgentelmen1, Jeff964, Kamil_Shar, leco100, Mr_Sany, Nastuha, POPsJBan, Roki, Sergey_Zolotarev, sid24082001, Starik, vvvitia201, xKillerRainbowx
[16:07:38] [Server thread/INFO]: На сервере 18 игроков из 40 максимальных.
[16:07:38] [Server thread/INFO]: Admin1: lappa
[16:07:38] [Server thread/INFO]: Admin3: hucker
[16:07:38] [Server thread/INFO]: Player: Barbara2000, bikben, coachest, dgentelmen1, Jeff964, Kamil_Shar, leco100, Mr_Sany, Nastuha, POPsJBan, Roki, Sergey_Zolotarev, sid24082001, Starik, vvvitia201, xKillerRainbowx
[16:08:13] [Server thread/INFO]: На сервере 18 игроков из 40 максимальных.
[16:08:13] [Server thread/INFO]: Admin1: lappa
[16:08:13] [Server thread/INFO]: Admin3: hucker
[16:08:13] [Server thread/INFO]: Player: Barbara2000, bikben, coachest, dgentelmen1, Jeff964, Kamil_Shar, leco100, Mr_Sany, Nastuha, POPsJBan, Roki, Sergey_Zolotarev, sid24082001, Starik, vvvitia201, xKillerRainbowx
[16:08:48] [Server thread/INFO]: На сервере 18 игроков из 40 максимальных.
[16:08:48] [Server thread/INFO]: Admin1: lappa
[16:08:48] [Server thread/INFO]: Admin3: hucker
[16:08:48] [Server thread/INFO]: Player: Barbara2000, bikben, coachest, dgentelmen1, Jeff964, Kamil_Shar, leco100, Mr_Sany, Nastuha, POPsJBan, Roki, Sergey_Zolotarev, sid24082001, Starik, vvvitia201, xKillerRainbowx
[16:09:22] [Server thread/INFO]: На сервере 18 игроков из 40 максимальных.
[16:09:22] [Server thread/INFO]: Admin1: lappa
[16:09:22] [Server thread/INFO]: Admin3: hucker
[16:09:22] [Server thread/INFO]: Player: Barbara2000, bikben, coachest, dgentelmen1, Jeff964, Kamil_Shar, leco100, Mr_Sany, Nastuha, POPsJBan, Roki, Sergey_Zolotarev, sid24082001, Starik, vvvitia201, xKillerRainbowx
[16:09:57] [Server thread/INFO]: На сервере 18 игроков из 40 максимальных.
[16:09:57] [Server thread/INFO]: Admin1: lappa
[16:09:57] [Server thread/INFO]: Admin3: hucker
[16:09:57] [Server thread/INFO]: Player: Barbara2000, bikben, coachest, dgentelmen1, Jeff964, Kamil_Shar, leco100, Mr_Sany, Nastuha, POPsJBan, Roki, Sergey_Zolotarev, sid24082001, Starik, vvvitia201, xKillerRainbowx
[16:10:32] [Server thread/INFO]: На сервере 18 игроков из 40 максимальных.
[16:10:32] [Server thread/INFO]: Admin1: lappa
[16:10:32] [Server thread/INFO]: Admin3: hucker
[16:10:32] [Server thread/INFO]: Player: Barbara2000, bikben, coachest, dgentelmen1, Jeff964, Kamil_Shar, leco100, Mr_Sany, Nastuha, POPsJBan, Roki, Sergey_Zolotarev, sid24082001, Starik, vvvitia201, xKillerRainbowx
[16:11:07] [Server thread/INFO]: На сервере 18 игроков из 40 максимальных.
[16:11:07] [Server thread/INFO]: Admin1: lappa
[16:11:07] [Server thread/INFO]: Admin3: hucker
[16:11:07] [Server thread/INFO]: Player: Barbara2000, bikben, coachest, dgentelmen1, Jeff964, Kamil_Shar, leco100, Mr_Sany, Nastuha, POPsJBan, Roki, Sergey_Zolotarev, sid24082001, Starik, vvvitia201, xKillerRainbowx
[16:11:42] [Server thread/INFO]: На сервере 18 игроков из 40 максимальных.
[16:11:42] [Server thread/INFO]: Admin1: lappa
[16:11:42] [Server thread/INFO]: Admin3: hucker
[16:11:42] [Server thread/INFO]: Player: Barbara2000, bikben, coachest, dgentelmen1, Jeff964, Kamil_Shar, leco100, Mr_Sany, Nastuha, POPsJBan, Roki, Sergey_Zolotarev, sid24082001, Starik, vvvitia201, xKillerRainbowx
[16:12:03] [Server thread/INFO]: CONSOLE: Enabled level saving..
[16:12:03] [Server thread/INFO]: CONSOLE: Forcing save..
[16:12:04] [Server thread/INFO]: CONSOLE: Save complete.
[16:12:04] [Server thread/INFO]: [Server] World saved.
[16:12:17] [Server thread/INFO]: На сервере 18 игроков из 40 максимальных.
[16:12:17] [Server thread/INFO]: Admin1: lappa
[16:12:17] [Server thread/INFO]: Admin3: hucker
[16:12:17] [Server thread/INFO]: Player: Barbara2000, bikben, coachest, dgentelmen1, Jeff964, Kamil_Shar, leco100, Mr_Sany, Nastuha, POPsJBan, Roki, Sergey_Zolotarev, sid24082001, Starik, vvvitia201, xKillerRainbowx
[16:12:52] [Server thread/INFO]: На сервере 18 игроков из 40 максимальных.
[16:12:52] [Server thread/INFO]: Admin1: lappa
[16:12:52] [Server thread/INFO]: Admin3: hucker
[16:12:52] [Server thread/INFO]: Player: Barbara2000, bikben, coachest, dgentelmen1, Jeff964, Kamil_Shar, leco100, Mr_Sany, Nastuha, POPsJBan, Roki, Sergey_Zolotarev, sid24082001, Starik, vvvitia201, xKillerRainbowx
[16:13:27] [Server thread/INFO]: На сервере 18 игроков из 40 максимальных.
[16:13:27] [Server thread/INFO]: Admin1: lappa
[16:13:27] [Server thread/INFO]: Admin3: hucker
[16:13:27] [Server thread/INFO]: Player: Barbara2000, bikben, coachest, dgentelmen1, Jeff964, Kamil_Shar, leco100, Mr_Sany, Nastuha, POPsJBan, Roki, Sergey_Zolotarev, sid24082001, Starik, vvvitia201, xKillerRainbowx
[16:14:02] [Server thread/INFO]: На сервере 18 игроков из 40 максимальных.
[16:14:02] [Server thread/INFO]: Admin1: lappa
[16:14:02] [Server thread/INFO]: Admin3: hucker
[16:14:02] [Server thread/INFO]: Player: Barbara2000, bikben, coachest, dgentelmen1, Jeff964, Kamil_Shar, leco100, Mr_Sany, Nastuha, POPsJBan, Roki, Sergey_Zolotarev, sid24082001, Starik, vvvitia201, xKillerRainbowx
[16:14:36] [Server thread/INFO]: На сервере 18 игроков из 40 максимальных.
[16:14:36] [Server thread/INFO]: Admin1: lappa
[16:14:36] [Server thread/INFO]: Admin3: hucker
[16:14:36] [Server thread/INFO]: Player: Barbara2000, bikben, coachest, dgentelmen1, Jeff964, Kamil_Shar, leco100, Mr_Sany, Nastuha, POPsJBan, Roki, Sergey_Zolotarev, sid24082001, Starik, vvvitia201, xKillerRainbowx
[16:15:11] [Server thread/INFO]: На сервере 18 игроков из 40 максимальных.
[16:15:11] [Server thread/INFO]: Admin1: lappa
[16:15:11] [Server thread/INFO]: Admin3: hucker
[16:15:11] [Server thread/INFO]: Player: Barbara2000, bikben, coachest, dgentelmen1, Jeff964, Kamil_Shar, leco100, Mr_Sany, Nastuha, POPsJBan, Roki, Sergey_Zolotarev, sid24082001, Starik, vvvitia201, xKillerRainbowx
[16:15:46] [Server thread/INFO]: На сервере 18 игроков из 40 максимальных.
[16:15:46] [Server thread/INFO]: Admin1: lappa
[16:15:46] [Server thread/INFO]: Admin3: hucker
[16:15:46] [Server thread/INFO]: Player: Barbara2000, bikben, coachest, dgentelmen1, Jeff964, Kamil_Shar, leco100, Mr_Sany, Nastuha, POPsJBan, Roki, Sergey_Zolotarev, sid24082001, Starik, vvvitia201, xKillerRainbowx
[16:16:21] [Server thread/INFO]: На сервере 18 игроков из 40 максимальных.
[16:16:21] [Server thread/INFO]: Admin1: lappa
[16:16:21] [Server thread/INFO]: Admin3: hucker
[16:16:21] [Server thread/INFO]: Player: Barbara2000, bikben, coachest, dgentelmen1, Jeff964, Kamil_Shar, leco100, Mr_Sany, Nastuha, POPsJBan, Roki, Sergey_Zolotarev, sid24082001, Starik, vvvitia201, xKillerRainbowx
[16:16:56] [Server thread/INFO]: На сервере 18 игроков из 40 максимальных.
[16:16:56] [Server thread/INFO]: Admin1: lappa
[16:16:56] [Server thread/INFO]: Admin3: hucker
[16:16:56] [Server thread/INFO]: Player: Barbara2000, bikben, coachest, dgentelmen1, Jeff964, Kamil_Shar, leco100, Mr_Sany, Nastuha, POPsJBan, Roki, Sergey_Zolotarev, sid24082001, Starik, vvvitia201, xKillerRainbowx
[16:17:31] [Server thread/INFO]: На сервере 18 игроков из 40 максимальных.
[16:17:31] [Server thread/INFO]: Admin1: lappa
[16:17:31] [Server thread/INFO]: Admin3: hucker
[16:17:31] [Server thread/INFO]: Player: Barbara2000, bikben, coachest, dgentelmen1, Jeff964, Kamil_Shar, leco100, Mr_Sany, Nastuha, POPsJBan, Roki, Sergey_Zolotarev, sid24082001, Starik, vvvitia201, xKillerRainbowx
[16:18:06] [Server thread/INFO]: На сервере 18 игроков из 40 максимальных.
[16:18:06] [Server thread/INFO]: Admin1: lappa
[16:18:06] [Server thread/INFO]: Admin3: hucker
[16:18:06] [Server thread/INFO]: Player: Barbara2000, bikben, coachest, dgentelmen1, Jeff964, Kamil_Shar, leco100, Mr_Sany, Nastuha, POPsJBan, Roki, Sergey_Zolotarev, sid24082001, Starik, vvvitia201, xKillerRainbowx
[16:18:41] [Server thread/INFO]: На сервере 18 игроков из 40 максимальных.
[16:18:41] [Server thread/INFO]: Admin1: lappa
[16:18:41] [Server thread/INFO]: Admin3: hucker
[16:18:41] [Server thread/INFO]: Player: Barbara2000, bikben, coachest, dgentelmen1, Jeff964, Kamil_Shar, leco100, Mr_Sany, Nastuha, POPsJBan, Roki, Sergey_Zolotarev, sid24082001, Starik, vvvitia201, xKillerRainbowx
[16:19:16] [Server thread/INFO]: На сервере 18 игроков из 40 максимальных.
[16:19:16] [Server thread/INFO]: Admin1: lappa
[16:19:16] [Server thread/INFO]: Admin3: hucker
[16:19:16] [Server thread/INFO]: Player: Barbara2000, bikben, coachest, dgentelmen1, Jeff964, Kamil_Shar, leco100, Mr_Sany, Nastuha, POPsJBan, Roki, Sergey_Zolotarev, sid24082001, Starik, vvvitia201, xKillerRainbowx
[16:19:50] [Server thread/INFO]: На сервере 18 игроков из 40 максимальных.
[16:19:50] [Server thread/INFO]: Admin1: lappa
[16:19:50] [Server thread/INFO]: Admin3: hucker
[16:19:50] [Server thread/INFO]: Player: Barbara2000, bikben, coachest, dgentelmen1, Jeff964, Kamil_Shar, leco100, Mr_Sany, Nastuha, POPsJBan, Roki, Sergey_Zolotarev, sid24082001, Starik, vvvitia201, xKillerRainbowx
[16:20:25] [Server thread/INFO]: На сервере 18 игроков из 40 максимальных.
[16:20:25] [Server thread/INFO]: Admin1: lappa
[16:20:25] [Server thread/INFO]: Admin3: hucker
[16:20:25] [Server thread/INFO]: Player: Barbara2000, bikben, coachest, dgentelmen1, Jeff964, Kamil_Shar, leco100, Mr_Sany, Nastuha, POPsJBan, Roki, Sergey_Zolotarev, sid24082001, Starik, vvvitia201, xKillerRainbowx
[16:21:00] [Server thread/INFO]: На сервере 18 игроков из 40 максимальных.
[16:21:00] [Server thread/INFO]: Admin1: lappa
[16:21:00] [Server thread/INFO]: Admin3: hucker
[16:21:00] [Server thread/INFO]: Player: Barbara2000, bikben, coachest, dgentelmen1, Jeff964, Kamil_Shar, leco100, Mr_Sany, Nastuha, POPsJBan, Roki, Sergey_Zolotarev, sid24082001, Starik, vvvitia201, xKillerRainbowx
[16:21:35] [Server thread/INFO]: На сервере 18 игроков из 40 максимальных.
[16:21:35] [Server thread/INFO]: Admin1: lappa
[16:21:35] [Server thread/INFO]: Admin3: hucker
[16:21:35] [Server thread/INFO]: Player: Barbara2000, bikben, coachest, dgentelmen1, Jeff964, Kamil_Shar, leco100, Mr_Sany, Nastuha, POPsJBan, Roki, Sergey_Zolotarev, sid24082001, Starik, vvvitia201, xKillerRainbowx
[16:22:08] [Server thread/INFO]: CONSOLE: Enabled level saving..
[16:22:08] [Server thread/INFO]: CONSOLE: Forcing save..
[16:22:08] [Server thread/INFO]: CONSOLE: Save complete.
[16:22:08] [Server thread/INFO]: [Server] World saved.
[16:22:10] [Server thread/INFO]: На сервере 18 игроков из 40 максимальных.
[16:22:10] [Server thread/INFO]: Admin1: lappa
[16:22:10] [Server thread/INFO]: Admin3: hucker
[16:22:10] [Server thread/INFO]: Player: Barbara2000, bikben, coachest, dgentelmen1, Jeff964, Kamil_Shar, leco100, Mr_Sany, Nastuha, POPsJBan, Roki, Sergey_Zolotarev, sid24082001, Starik, vvvitia201, xKillerRainbowx
[16:22:45] [Server thread/INFO]: На сервере 18 игроков из 40 максимальных.
[16:22:45] [Server thread/INFO]: Admin1: lappa
[16:22:45] [Server thread/INFO]: Admin3: hucker
[16:22:45] [Server thread/INFO]: Player: Barbara2000, bikben, coachest, dgentelmen1, Jeff964, Kamil_Shar, leco100, Mr_Sany, Nastuha, POPsJBan, Roki, Sergey_Zolotarev, sid24082001, Starik, vvvitia201, xKillerRainbowx
[16:23:20] [Server thread/INFO]: На сервере 18 игроков из 40 максимальных.
[16:23:20] [Server thread/INFO]: Admin1: lappa
[16:23:20] [Server thread/INFO]: Admin3: hucker
[16:23:20] [Server thread/INFO]: Player: Barbara2000, bikben, coachest, dgentelmen1, Jeff964, Kamil_Shar, leco100, Mr_Sany, Nastuha, POPsJBan, Roki, Sergey_Zolotarev, sid24082001, Starik, vvvitia201, xKillerRainbowx
[16:23:55] [Server thread/INFO]: На сервере 18 игроков из 40 максимальных.
[16:23:55] [Server thread/INFO]: Admin1: lappa
[16:23:55] [Server thread/INFO]: Admin3: hucker
[16:23:55] [Server thread/INFO]: Player: Barbara2000, bikben, coachest, dgentelmen1, Jeff964, Kamil_Shar, leco100, Mr_Sany, Nastuha, POPsJBan, Roki, Sergey_Zolotarev, sid24082001, Starik, vvvitia201, xKillerRainbowx
[16:24:30] [Server thread/INFO]: На сервере 18 игроков из 40 максимальных.
[16:24:30] [Server thread/INFO]: Admin1: lappa
[16:24:30] [Server thread/INFO]: Admin3: hucker
[16:24:30] [Server thread/INFO]: Player: Barbara2000, bikben, coachest, dgentelmen1, Jeff964, Kamil_Shar, leco100, Mr_Sany, Nastuha, POPsJBan, Roki, Sergey_Zolotarev, sid24082001, Starik, vvvitia201, xKillerRainbowx
[16:25:04] [Server thread/INFO]: На сервере 18 игроков из 40 максимальных.
[16:25:04] [Server thread/INFO]: Admin1: lappa
[16:25:04] [Server thread/INFO]: Admin3: hucker
[16:25:04] [Server thread/INFO]: Player: Barbara2000, bikben, coachest, dgentelmen1, Jeff964, Kamil_Shar, leco100, Mr_Sany, Nastuha, POPsJBan, Roki, Sergey_Zolotarev, sid24082001, Starik, vvvitia201, xKillerRainbowx
[16:25:39] [Server thread/INFO]: На сервере 18 игроков из 40 максимальных.
[16:25:39] [Server thread/INFO]: Admin1: lappa
[16:25:39] [Server thread/INFO]: Admin3: hucker
[16:25:39] [Server thread/INFO]: Player: Barbara2000, bikben, coachest, dgentelmen1, Jeff964, Kamil_Shar, leco100, Mr_Sany, Nastuha, POPsJBan, Roki, Sergey_Zolotarev, sid24082001, Starik, vvvitia201, xKillerRainbowx
[16:26:14] [Server thread/INFO]: На сервере 18 игроков из 40 максимальных.
[16:26:14] [Server thread/INFO]: Admin1: lappa
[16:26:14] [Server thread/INFO]: Admin3: hucker
[16:26:14] [Server thread/INFO]: Player: Barbara2000, bikben, coachest, dgentelmen1, Jeff964, Kamil_Shar, leco100, Mr_Sany, Nastuha, POPsJBan, Roki, Sergey_Zolotarev, sid24082001, Starik, vvvitia201, xKillerRainbowx
[16:26:49] [Server thread/INFO]: На сервере 18 игроков из 40 максимальных.
[16:26:49] [Server thread/INFO]: Admin1: lappa
[16:26:49] [Server thread/INFO]: Admin3: hucker
[16:26:49] [Server thread/INFO]: Player: Barbara2000, bikben, coachest, dgentelmen1, Jeff964, Kamil_Shar, leco100, Mr_Sany, Nastuha, POPsJBan, Roki, Sergey_Zolotarev, sid24082001, Starik, vvvitia201, xKillerRainbowx
[16:27:24] [Server thread/INFO]: На сервере 18 игроков из 40 максимальных.
[16:27:24] [Server thread/INFO]: Admin1: lappa
[16:27:24] [Server thread/INFO]: Admin3: hucker
[16:27:24] [Server thread/INFO]: Player: Barbara2000, bikben, coachest, dgentelmen1, Jeff964, Kamil_Shar, leco100, Mr_Sany, Nastuha, POPsJBan, Roki, Sergey_Zolotarev, sid24082001, Starik, vvvitia201, xKillerRainbowx
[16:27:59] [Server thread/INFO]: На сервере 18 игроков из 40 максимальных.
[16:27:59] [Server thread/INFO]: Admin1: lappa
[16:27:59] [Server thread/INFO]: Admin3: hucker
[16:27:59] [Server thread/INFO]: Player: Barbara2000, bikben, coachest, dgentelmen1, Jeff964, Kamil_Shar, leco100, Mr_Sany, Nastuha, POPsJBan, Roki, Sergey_Zolotarev, sid24082001, Starik, vvvitia201, xKillerRainbowx
[16:28:34] [Server thread/INFO]: На сервере 18 игроков из 40 максимальных.
[16:28:34] [Server thread/INFO]: Admin1: lappa
[16:28:34] [Server thread/INFO]: Admin3: hucker
[16:28:34] [Server thread/INFO]: Player: Barbara2000, bikben, coachest, dgentelmen1, Jeff964, Kamil_Shar, leco100, Mr_Sany, Nastuha, POPsJBan, Roki, Sergey_Zolotarev, sid24082001, Starik, vvvitia201, xKillerRainbowx
[16:29:09] [Server thread/INFO]: На сервере 18 игроков из 40 максимальных.
[16:29:09] [Server thread/INFO]: Admin1: lappa
[16:29:09] [Server thread/INFO]: Admin3: hucker
[16:29:09] [Server thread/INFO]: Player: Barbara2000, bikben, coachest, dgentelmen1, Jeff964, Kamil_Shar, leco100, Mr_Sany, Nastuha, POPsJBan, Roki, Sergey_Zolotarev, sid24082001, Starik, vvvitia201, xKillerRainbowx
[16:29:44] [Server thread/INFO]: На сервере 18 игроков из 40 максимальных.
[16:29:44] [Server thread/INFO]: Admin1: lappa
[16:29:44] [Server thread/INFO]: Admin3: hucker
[16:29:44] [Server thread/INFO]: Player: Barbara2000, bikben, coachest, dgentelmen1, Jeff964, Kamil_Shar, leco100, Mr_Sany, Nastuha, POPsJBan, Roki, Sergey_Zolotarev, sid24082001, Starik, vvvitia201, xKillerRainbowx
[16:30:18] [Server thread/INFO]: На сервере 18 игроков из 40 максимальных.
[16:30:18] [Server thread/INFO]: Admin1: lappa
[16:30:18] [Server thread/INFO]: Admin3: hucker
[16:30:18] [Server thread/INFO]: Player: Barbara2000, bikben, coachest, dgentelmen1, Jeff964, Kamil_Shar, leco100, Mr_Sany, Nastuha, POPsJBan, Roki, Sergey_Zolotarev, sid24082001, Starik, vvvitia201, xKillerRainbowx
[16:30:53] [Server thread/INFO]: На сервере 18 игроков из 40 максимальных.
[16:30:53] [Server thread/INFO]: Admin1: lappa
[16:30:53] [Server thread/INFO]: Admin3: hucker
[16:30:53] [Server thread/INFO]: Player: Barbara2000, bikben, coachest, dgentelmen1, Jeff964, Kamil_Shar, leco100, Mr_Sany, Nastuha, POPsJBan, Roki, Sergey_Zolotarev, sid24082001, Starik, vvvitia201, xKillerRainbowx
[16:31:28] [Server thread/INFO]: На сервере 18 игроков из 40 максимальных.
[16:31:28] [Server thread/INFO]: Admin1: lappa
[16:31:28] [Server thread/INFO]: Admin3: hucker
[16:31:28] [Server thread/INFO]: Player: Barbara2000, bikben, coachest, dgentelmen1, Jeff964, Kamil_Shar, leco100, Mr_Sany, Nastuha, POPsJBan, Roki, Sergey_Zolotarev, sid24082001, Starik, vvvitia201, xKillerRainbowx
[16:32:03] [Server thread/INFO]: На сервере 18 игроков из 40 максимальных.
[16:32:03] [Server thread/INFO]: Admin1: lappa
[16:32:03] [Server thread/INFO]: Admin3: hucker
[16:32:03] [Server thread/INFO]: Player: Barbara2000, bikben, coachest, dgentelmen1, Jeff964, Kamil_Shar, leco100, Mr_Sany, Nastuha, POPsJBan, Roki, Sergey_Zolotarev, sid24082001, Starik, vvvitia201, xKillerRainbowx
[16:32:13] [Server thread/INFO]: CONSOLE: Enabled level saving..
[16:32:13] [Server thread/INFO]: CONSOLE: Forcing save..
[16:32:13] [Server thread/INFO]: CONSOLE: Save complete.
[16:32:13] [Server thread/INFO]: [Server] World saved.
[16:32:38] [Server thread/INFO]: На сервере 18 игроков из 40 максимальных.
[16:32:38] [Server thread/INFO]: Admin1: lappa
[16:32:38] [Server thread/INFO]: Admin3: hucker
[16:32:38] [Server thread/INFO]: Player: Barbara2000, bikben, coachest, dgentelmen1, Jeff964, Kamil_Shar, leco100, Mr_Sany, Nastuha, POPsJBan, Roki, Sergey_Zolotarev, sid24082001, Starik, vvvitia201, xKillerRainbowx
[16:33:13] [Server thread/INFO]: На сервере 18 игроков из 40 максимальных.
[16:33:13] [Server thread/INFO]: Admin1: lappa
[16:33:13] [Server thread/INFO]: Admin3: hucker
[16:33:13] [Server thread/INFO]: Player: Barbara2000, bikben, coachest, dgentelmen1, Jeff964, Kamil_Shar, leco100, Mr_Sany, Nastuha, POPsJBan, Roki, Sergey_Zolotarev, sid24082001, Starik, vvvitia201, xKillerRainbowx
[16:33:48] [Server thread/INFO]: На сервере 18 игроков из 40 максимальных.
[16:33:48] [Server thread/INFO]: Admin1: lappa
[16:33:48] [Server thread/INFO]: Admin3: hucker
[16:33:48] [Server thread/INFO]: Player: Barbara2000, bikben, coachest, dgentelmen1, Jeff964, Kamil_Shar, leco100, Mr_Sany, Nastuha, POPsJBan, Roki, Sergey_Zolotarev, sid24082001, Starik, vvvitia201, xKillerRainbowx
[16:34:23] [Server thread/INFO]: На сервере 18 игроков из 40 максимальных.
[16:34:23] [Server thread/INFO]: Admin1: lappa
[16:34:23] [Server thread/INFO]: Admin3: hucker
[16:34:23] [Server thread/INFO]: Player: Barbara2000, bikben, coachest, dgentelmen1, Jeff964, Kamil_Shar, leco100, Mr_Sany, Nastuha, POPsJBan, Roki, Sergey_Zolotarev, sid24082001, Starik, vvvitia201, xKillerRainbowx
[16:34:58] [Server thread/INFO]: На сервере 18 игроков из 40 максимальных.
[16:34:58] [Server thread/INFO]: Admin1: lappa
[16:34:58] [Server thread/INFO]: Admin3: hucker
[16:34:58] [Server thread/INFO]: Player: Barbara2000, bikben, coachest, dgentelmen1, Jeff964, Kamil_Shar, leco100, Mr_Sany, Nastuha, POPsJBan, Roki, Sergey_Zolotarev, sid24082001, Starik, vvvitia201, xKillerRainbowx
[16:35:32] [Server thread/INFO]: На сервере 18 игроков из 40 максимальных.
[16:35:32] [Server thread/INFO]: Admin1: lappa
[16:35:32] [Server thread/INFO]: Admin3: hucker
[16:35:32] [Server thread/INFO]: Player: Barbara2000, bikben, coachest, dgentelmen1, Jeff964, Kamil_Shar, leco100, Mr_Sany, Nastuha, POPsJBan, Roki, Sergey_Zolotarev, sid24082001, Starik, vvvitia201, xKillerRainbowx
[16:36:07] [Server thread/INFO]: На сервере 18 игроков из 40 максимальных.
[16:36:07] [Server thread/INFO]: Admin1: lappa
[16:36:07] [Server thread/INFO]: Admin3: hucker
[16:36:07] [Server thread/INFO]: Player: Barbara2000, bikben, coachest, dgentelmen1, Jeff964, Kamil_Shar, leco100, Mr_Sany, Nastuha, POPsJBan, Roki, Sergey_Zolotarev, sid24082001, Starik, vvvitia201, xKillerRainbowx
[16:36:42] [Server thread/INFO]: На сервере 18 игроков из 40 максимальных.
[16:36:42] [Server thread/INFO]: Admin1: lappa
[16:36:42] [Server thread/INFO]: Admin3: hucker
[16:36:42] [Server thread/INFO]: Player: Barbara2000, bikben, coachest, dgentelmen1, Jeff964, Kamil_Shar, leco100, Mr_Sany, Nastuha, POPsJBan, Roki, Sergey_Zolotarev, sid24082001, Starik, vvvitia201, xKillerRainbowx
[16:37:17] [Server thread/INFO]: На сервере 18 игроков из 40 максимальных.
[16:37:17] [Server thread/INFO]: Admin1: lappa
[16:37:17] [Server thread/INFO]: Admin3: hucker
[16:37:17] [Server thread/INFO]: Player: Barbara2000, bikben, coachest, dgentelmen1, Jeff964, Kamil_Shar, leco100, Mr_Sany, Nastuha, POPsJBan, Roki, Sergey_Zolotarev, sid24082001, Starik, vvvitia201, xKillerRainbowx
[16:37:52] [Server thread/INFO]: На сервере 18 игроков из 40 максимальных.
[16:37:52] [Server thread/INFO]: Admin1: lappa
[16:37:52] [Server thread/INFO]: Admin3: hucker
[16:37:52] [Server thread/INFO]: Player: Barbara2000, bikben, coachest, dgentelmen1, Jeff964, Kamil_Shar, leco100, Mr_Sany, Nastuha, POPsJBan, Roki, Sergey_Zolotarev, sid24082001, Starik, vvvitia201, xKillerRainbowx
[16:38:27] [Server thread/INFO]: На сервере 18 игроков из 40 максимальных.
[16:38:27] [Server thread/INFO]: Admin1: lappa
[16:38:27] [Server thread/INFO]: Admin3: hucker
[16:38:27] [Server thread/INFO]: Player: Barbara2000, bikben, coachest, dgentelmen1, Jeff964, Kamil_Shar, leco100, Mr_Sany, Nastuha, POPsJBan, Roki, Sergey_Zolotarev, sid24082001, Starik, vvvitia201, xKillerRainbowx
[16:39:02] [Server thread/INFO]: На сервере 18 игроков из 40 максимальных.
[16:39:02] [Server thread/INFO]: Admin1: lappa
[16:39:02] [Server thread/INFO]: Admin3: hucker
[16:39:02] [Server thread/INFO]: Player: Barbara2000, bikben, coachest, dgentelmen1, Jeff964, Kamil_Shar, leco100, Mr_Sany, Nastuha, POPsJBan, Roki, Sergey_Zolotarev, sid24082001, Starik, vvvitia201, xKillerRainbowx
[16:39:37] [Server thread/INFO]: На сервере 18 игроков из 40 максимальных.
[16:39:37] [Server thread/INFO]: Admin1: lappa
[16:39:37] [Server thread/INFO]: Admin3: hucker
[16:39:37] [Server thread/INFO]: Player: Barbara2000, bikben, coachest, dgentelmen1, Jeff964, Kamil_Shar, leco100, Mr_Sany, Nastuha, POPsJBan, Roki, Sergey_Zolotarev, sid24082001, Starik, vvvitia201, xKillerRainbowx
[16:40:12] [Server thread/INFO]: На сервере 18 игроков из 40 максимальных.
[16:40:12] [Server thread/INFO]: Admin1: lappa
[16:40:12] [Server thread/INFO]: Admin3: hucker
[16:40:12] [Server thread/INFO]: Player: Barbara2000, bikben, coachest, dgentelmen1, Jeff964, Kamil_Shar, leco100, Mr_Sany, Nastuha, POPsJBan, Roki, Sergey_Zolotarev, sid24082001, Starik, vvvitia201, xKillerRainbowx
[16:40:46] [Server thread/INFO]: На сервере 18 игроков из 40 максимальных.
[16:40:46] [Server thread/INFO]: Admin1: lappa
[16:40:46] [Server thread/INFO]: Admin3: hucker
[16:40:46] [Server thread/INFO]: Player: Barbara2000, bikben, coachest, dgentelmen1, Jeff964, Kamil_Shar, leco100, Mr_Sany, Nastuha, POPsJBan, Roki, Sergey_Zolotarev, sid24082001, Starik, vvvitia201, xKillerRainbowx
[16:41:21] [Server thread/INFO]: На сервере 18 игроков из 40 максимальных.
[16:41:21] [Server thread/INFO]: Admin1: lappa
[16:41:21] [Server thread/INFO]: Admin3: hucker
[16:41:21] [Server thread/INFO]: Player: Barbara2000, bikben, coachest, dgentelmen1, Jeff964, Kamil_Shar, leco100, Mr_Sany, Nastuha, POPsJBan, Roki, Sergey_Zolotarev, sid24082001, Starik, vvvitia201, xKillerRainbowx
[16:41:56] [Server thread/INFO]: На сервере 18 игроков из 40 максимальных.
[16:41:56] [Server thread/INFO]: Admin1: lappa
[16:41:56] [Server thread/INFO]: Admin3: hucker
[16:41:56] [Server thread/INFO]: Player: Barbara2000, bikben, coachest, dgentelmen1, Jeff964, Kamil_Shar, leco100, Mr_Sany, Nastuha, POPsJBan, Roki, Sergey_Zolotarev, sid24082001, Starik, vvvitia201, xKillerRainbowx
[16:42:18] [Server thread/INFO]: CONSOLE: Enabled level saving..
[16:42:18] [Server thread/INFO]: CONSOLE: Forcing save..
[16:42:18] [Server thread/INFO]: CONSOLE: Save complete.
[16:42:18] [Server thread/INFO]: [Server] World saved.
[16:42:31] [Server thread/INFO]: На сервере 18 игроков из 40 максимальных.
[16:42:31] [Server thread/INFO]: Admin1: lappa
[16:42:31] [Server thread/INFO]: Admin3: hucker
[16:42:31] [Server thread/INFO]: Player: Barbara2000, bikben, coachest, dgentelmen1, Jeff964, Kamil_Shar, leco100, Mr_Sany, Nastuha, POPsJBan, Roki, Sergey_Zolotarev, sid24082001, Starik, vvvitia201, xKillerRainbowx
[16:43:06] [Server thread/INFO]: На сервере 18 игроков из 40 максимальных.
[16:43:06] [Server thread/INFO]: Admin1: lappa
[16:43:06] [Server thread/INFO]: Admin3: hucker
[16:43:06] [Server thread/INFO]: Player: Barbara2000, bikben, coachest, dgentelmen1, Jeff964, Kamil_Shar, leco100, Mr_Sany, Nastuha, POPsJBan, Roki, Sergey_Zolotarev, sid24082001, Starik, vvvitia201, xKillerRainbowx
[16:43:41] [Server thread/INFO]: На сервере 18 игроков из 40 максимальных.
[16:43:41] [Server thread/INFO]: Admin1: lappa
[16:43:41] [Server thread/INFO]: Admin3: hucker
[16:43:41] [Server thread/INFO]: Player: Barbara2000, bikben, coachest, dgentelmen1, Jeff964, Kamil_Shar, leco100, Mr_Sany, Nastuha, POPsJBan, Roki, Sergey_Zolotarev, sid24082001, Starik, vvvitia201, xKillerRainbowx
[16:44:16] [Server thread/INFO]: На сервере 18 игроков из 40 максимальных.
[16:44:16] [Server thread/INFO]: Admin1: lappa
[16:44:16] [Server thread/INFO]: Admin3: hucker
[16:44:16] [Server thread/INFO]: Player: Barbara2000, bikben, coachest, dgentelmen1, Jeff964, Kamil_Shar, leco100, Mr_Sany, Nastuha, POPsJBan, Roki, Sergey_Zolotarev, sid24082001, Starik, vvvitia201, xKillerRainbowx
[16:44:51] [Server thread/INFO]: На сервере 18 игроков из 40 максимальных.
[16:44:51] [Server thread/INFO]: Admin1: lappa
[16:44:51] [Server thread/INFO]: Admin3: hucker
[16:44:51] [Server thread/INFO]: Player: Barbara2000, bikben, coachest, dgentelmen1, Jeff964, Kamil_Shar, leco100, Mr_Sany, Nastuha, POPsJBan, Roki, Sergey_Zolotarev, sid24082001, Starik, vvvitia201, xKillerRainbowx
[16:45:25] [Server thread/INFO]: На сервере 18 игроков из 40 максимальных.
[16:45:25] [Server thread/INFO]: Admin1: lappa
[16:45:25] [Server thread/INFO]: Admin3: hucker
[16:45:25] [Server thread/INFO]: Player: Barbara2000, bikben, coachest, dgentelmen1, Jeff964, Kamil_Shar, leco100, Mr_Sany, Nastuha, POPsJBan, Roki, Sergey_Zolotarev, sid24082001, Starik, vvvitia201, xKillerRainbowx
[16:46:00] [Server thread/INFO]: На сервере 18 игроков из 40 максимальных.
[16:46:00] [Server thread/INFO]: Admin1: lappa
[16:46:00] [Server thread/INFO]: Admin3: hucker
[16:46:00] [Server thread/INFO]: Player: Barbara2000, bikben, coachest, dgentelmen1, Jeff964, Kamil_Shar, leco100, Mr_Sany, Nastuha, POPsJBan, Roki, Sergey_Zolotarev, sid24082001, Starik, vvvitia201, xKillerRainbowx
[16:46:35] [Server thread/INFO]: На сервере 18 игроков из 40 максимальных.
[16:46:35] [Server thread/INFO]: Admin1: lappa
[16:46:35] [Server thread/INFO]: Admin3: hucker
[16:46:35] [Server thread/INFO]: Player: Barbara2000, bikben, coachest, dgentelmen1, Jeff964, Kamil_Shar, leco100, Mr_Sany, Nastuha, POPsJBan, Roki, Sergey_Zolotarev, sid24082001, Starik, vvvitia201, xKillerRainbowx
[16:47:10] [Server thread/INFO]: На сервере 18 игроков из 40 максимальных.
[16:47:10] [Server thread/INFO]: Admin1: lappa
[16:47:10] [Server thread/INFO]: Admin3: hucker
[16:47:10] [Server thread/INFO]: Player: Barbara2000, bikben, coachest, dgentelmen1, Jeff964, Kamil_Shar, leco100, Mr_Sany, Nastuha, POPsJBan, Roki, Sergey_Zolotarev, sid24082001, Starik, vvvitia201, xKillerRainbowx
[16:47:45] [Server thread/INFO]: На сервере 18 игроков из 40 максимальных.
[16:47:45] [Server thread/INFO]: Admin1: lappa
[16:47:45] [Server thread/INFO]: Admin3: hucker
[16:47:45] [Server thread/INFO]: Player: Barbara2000, bikben, coachest, dgentelmen1, Jeff964, Kamil_Shar, leco100, Mr_Sany, Nastuha, POPsJBan, Roki, Sergey_Zolotarev, sid24082001, Starik, vvvitia201, xKillerRainbowx
[16:48:20] [Server thread/INFO]: На сервере 18 игроков из 40 максимальных.
[16:48:20] [Server thread/INFO]: Admin1: lappa
[16:48:20] [Server thread/INFO]: Admin3: hucker
[16:48:20] [Server thread/INFO]: Player: Barbara2000, bikben, coachest, dgentelmen1, Jeff964, Kamil_Shar, leco100, Mr_Sany, Nastuha, POPsJBan, Roki, Sergey_Zolotarev, sid24082001, Starik, vvvitia201, xKillerRainbowx
[16:48:55] [Server thread/INFO]: На сервере 18 игроков из 40 максимальных.
[16:48:55] [Server thread/INFO]: Admin1: lappa
[16:48:55] [Server thread/INFO]: Admin3: hucker
[16:48:55] [Server thread/INFO]: Player: Barbara2000, bikben, coachest, dgentelmen1, Jeff964, Kamil_Shar, leco100, Mr_Sany, Nastuha, POPsJBan, Roki, Sergey_Zolotarev, sid24082001, Starik, vvvitia201, xKillerRainbowx
[16:49:30] [Server thread/INFO]: На сервере 18 игроков из 40 максимальных.
[16:49:30] [Server thread/INFO]: Admin1: lappa
[16:49:30] [Server thread/INFO]: Admin3: hucker
[16:49:30] [Server thread/INFO]: Player: Barbara2000, bikben, coachest, dgentelmen1, Jeff964, Kamil_Shar, leco100, Mr_Sany, Nastuha, POPsJBan, Roki, Sergey_Zolotarev, sid24082001, Starik, vvvitia201, xKillerRainbowx
[16:50:05] [Server thread/INFO]: На сервере 18 игроков из 40 максимальных.
[16:50:05] [Server thread/INFO]: Admin1: lappa
[16:50:05] [Server thread/INFO]: Admin3: hucker
[16:50:05] [Server thread/INFO]: Player: Barbara2000, bikben, coachest, dgentelmen1, Jeff964, Kamil_Shar, leco100, Mr_Sany, Nastuha, POPsJBan, Roki, Sergey_Zolotarev, sid24082001, Starik, vvvitia201, xKillerRainbowx
[16:50:39] [Server thread/INFO]: На сервере 18 игроков из 40 максимальных.
[16:50:39] [Server thread/INFO]: Admin1: lappa
[16:50:39] [Server thread/INFO]: Admin3: hucker
[16:50:39] [Server thread/INFO]: Player: Barbara2000, bikben, coachest, dgentelmen1, Jeff964, Kamil_Shar, leco100, Mr_Sany, Nastuha, POPsJBan, Roki, Sergey_Zolotarev, sid24082001, Starik, vvvitia201, xKillerRainbowx
[16:51:14] [Server thread/INFO]: На сервере 18 игроков из 40 максимальных.
[16:51:14] [Server thread/INFO]: Admin1: lappa
[16:51:14] [Server thread/INFO]: Admin3: hucker
[16:51:14] [Server thread/INFO]: Player: Barbara2000, bikben, coachest, dgentelmen1, Jeff964, Kamil_Shar, leco100, Mr_Sany, Nastuha, POPsJBan, Roki, Sergey_Zolotarev, sid24082001, Starik, vvvitia201, xKillerRainbowx
[16:51:49] [Server thread/INFO]: На сервере 18 игроков из 40 максимальных.
[16:51:49] [Server thread/INFO]: Admin1: lappa
[16:51:49] [Server thread/INFO]: Admin3: hucker
[16:51:49] [Server thread/INFO]: Player: Barbara2000, bikben, coachest, dgentelmen1, Jeff964, Kamil_Shar, leco100, Mr_Sany, Nastuha, POPsJBan, Roki, Sergey_Zolotarev, sid24082001, Starik, vvvitia201, xKillerRainbowx
[16:52:23] [Server thread/INFO]: CONSOLE: Enabled level saving..
[16:52:23] [Server thread/INFO]: CONSOLE: Forcing save..
[16:52:23] [Server thread/INFO]: CONSOLE: Save complete.
[16:52:23] [Server thread/INFO]: [Server] World saved.
[16:52:24] [Server thread/INFO]: На сервере 18 игроков из 40 максимальных.
[16:52:24] [Server thread/INFO]: Admin1: lappa
[16:52:24] [Server thread/INFO]: Admin3: hucker
[16:52:24] [Server thread/INFO]: Player: Barbara2000, bikben, coachest, dgentelmen1, Jeff964, Kamil_Shar, leco100, Mr_Sany, Nastuha, POPsJBan, Roki, Sergey_Zolotarev, sid24082001, Starik, vvvitia201, xKillerRainbowx
[16:52:59] [Server thread/INFO]: На сервере 18 игроков из 40 максимальных.
[16:52:59] [Server thread/INFO]: Admin1: lappa
[16:52:59] [Server thread/INFO]: Admin3: hucker
[16:52:59] [Server thread/INFO]: Player: Barbara2000, bikben, coachest, dgentelmen1, Jeff964, Kamil_Shar, leco100, Mr_Sany, Nastuha, POPsJBan, Roki, Sergey_Zolotarev, sid24082001, Starik, vvvitia201, xKillerRainbowx
[16:53:34] [Server thread/INFO]: На сервере 18 игроков из 40 максимальных.
[16:53:34] [Server thread/INFO]: Admin1: lappa
[16:53:34] [Server thread/INFO]: Admin3: hucker
[16:53:34] [Server thread/INFO]: Player: Barbara2000, bikben, coachest, dgentelmen1, Jeff964, Kamil_Shar, leco100, Mr_Sany, Nastuha, POPsJBan, Roki, Sergey_Zolotarev, sid24082001, Starik, vvvitia201, xKillerRainbowx
[16:54:09] [Server thread/INFO]: На сервере 18 игроков из 40 максимальных.
[16:54:09] [Server thread/INFO]: Admin1: lappa
[16:54:09] [Server thread/INFO]: Admin3: hucker
[16:54:09] [Server thread/INFO]: Player: Barbara2000, bikben, coachest, dgentelmen1, Jeff964, Kamil_Shar, leco100, Mr_Sany, Nastuha, POPsJBan, Roki, Sergey_Zolotarev, sid24082001, Starik, vvvitia201, xKillerRainbowx
[16:54:44] [Server thread/INFO]: На сервере 18 игроков из 40 максимальных.
[16:54:44] [Server thread/INFO]: Admin1: lappa
[16:54:44] [Server thread/INFO]: Admin3: hucker
[16:54:44] [Server thread/INFO]: Player: Barbara2000, bikben, coachest, dgentelmen1, Jeff964, Kamil_Shar, leco100, Mr_Sany, Nastuha, POPsJBan, Roki, Sergey_Zolotarev, sid24082001, Starik, vvvitia201, xKillerRainbowx
[16:55:19] [Server thread/INFO]: На сервере 18 игроков из 40 максимальных.
[16:55:19] [Server thread/INFO]: Admin1: lappa
[16:55:19] [Server thread/INFO]: Admin3: hucker
[16:55:19] [Server thread/INFO]: Player: Barbara2000, bikben, coachest, dgentelmen1, Jeff964, Kamil_Shar, leco100, Mr_Sany, Nastuha, POPsJBan, Roki, Sergey_Zolotarev, sid24082001, Starik, vvvitia201, xKillerRainbowx
[16:55:53] [Server thread/INFO]: На сервере 18 игроков из 40 максимальных.
[16:55:53] [Server thread/INFO]: Admin1: lappa
[16:55:53] [Server thread/INFO]: Admin3: hucker
[16:55:53] [Server thread/INFO]: Player: Barbara2000, bikben, coachest, dgentelmen1, Jeff964, Kamil_Shar, leco100, Mr_Sany, Nastuha, POPsJBan, Roki, Sergey_Zolotarev, sid24082001, Starik, vvvitia201, xKillerRainbowx
[16:56:28] [Server thread/INFO]: На сервере 18 игроков из 40 максимальных.
[16:56:28] [Server thread/INFO]: Admin1: lappa
[16:56:28] [Server thread/INFO]: Admin3: hucker
[16:56:28] [Server thread/INFO]: Player: Barbara2000, bikben, coachest, dgentelmen1, Jeff964, Kamil_Shar, leco100, Mr_Sany, Nastuha, POPsJBan, Roki, Sergey_Zolotarev, sid24082001, Starik, vvvitia201, xKillerRainbowx
[16:57:03] [Server thread/INFO]: На сервере 18 игроков из 40 максимальных.
[16:57:03] [Server thread/INFO]: Admin1: lappa
[16:57:03] [Server thread/INFO]: Admin3: hucker
[16:57:03] [Server thread/INFO]: Player: Barbara2000, bikben, coachest, dgentelmen1, Jeff964, Kamil_Shar, leco100, Mr_Sany, Nastuha, POPsJBan, Roki, Sergey_Zolotarev, sid24082001, Starik, vvvitia201, xKillerRainbowx
[16:57:38] [Server thread/INFO]: На сервере 18 игроков из 40 максимальных.
[16:57:38] [Server thread/INFO]: Admin1: lappa
[16:57:38] [Server thread/INFO]: Admin3: hucker
[16:57:38] [Server thread/INFO]: Player: Barbara2000, bikben, coachest, dgentelmen1, Jeff964, Kamil_Shar, leco100, Mr_Sany, Nastuha, POPsJBan, Roki, Sergey_Zolotarev, sid24082001, Starik, vvvitia201, xKillerRainbowx
[16:58:13] [Server thread/INFO]: На сервере 18 игроков из 40 максимальных.
[16:58:13] [Server thread/INFO]: Admin1: lappa
[16:58:13] [Server thread/INFO]: Admin3: hucker
[16:58:13] [Server thread/INFO]: Player: Barbara2000, bikben, coachest, dgentelmen1, Jeff964, Kamil_Shar, leco100, Mr_Sany, Nastuha, POPsJBan, Roki, Sergey_Zolotarev, sid24082001, Starik, vvvitia201, xKillerRainbowx
[16:58:48] [Server thread/INFO]: На сервере 18 игроков из 40 максимальных.
[16:58:48] [Server thread/INFO]: Admin1: lappa
[16:58:48] [Server thread/INFO]: Admin3: hucker
[16:58:48] [Server thread/INFO]: Player: Barbara2000, bikben, coachest, dgentelmen1, Jeff964, Kamil_Shar, leco100, Mr_Sany, Nastuha, POPsJBan, Roki, Sergey_Zolotarev, sid24082001, Starik, vvvitia201, xKillerRainbowx
[16:59:23] [Server thread/INFO]: На сервере 18 игроков из 40 максимальных.
[16:59:23] [Server thread/INFO]: Admin1: lappa
[16:59:23] [Server thread/INFO]: Admin3: hucker
[16:59:23] [Server thread/INFO]: Player: Barbara2000, bikben, coachest, dgentelmen1, Jeff964, Kamil_Shar, leco100, Mr_Sany, Nastuha, POPsJBan, Roki, Sergey_Zolotarev, sid24082001, Starik, vvvitia201, xKillerRainbowx
[16:59:58] [Server thread/INFO]: На сервере 18 игроков из 40 максимальных.
[16:59:58] [Server thread/INFO]: Admin1: lappa
[16:59:58] [Server thread/INFO]: Admin3: hucker
[16:59:58] [Server thread/INFO]: Player: Barbara2000, bikben, coachest, dgentelmen1, Jeff964, Kamil_Shar, leco100, Mr_Sany, Nastuha, POPsJBan, Roki, Sergey_Zolotarev, sid24082001, Starik, vvvitia201, xKillerRainbowx
[17:00:33] [Server thread/INFO]: На сервере 18 игроков из 40 максимальных.
[17:00:33] [Server thread/INFO]: Admin1: lappa
[17:00:33] [Server thread/INFO]: Admin3: hucker
[17:00:33] [Server thread/INFO]: Player: Barbara2000, bikben, coachest, dgentelmen1, Jeff964, Kamil_Shar, leco100, Mr_Sany, Nastuha, POPsJBan, Roki, Sergey_Zolotarev, sid24082001, Starik, vvvitia201, xKillerRainbowx
[17:01:07] [Server thread/INFO]: На сервере 18 игроков из 40 максимальных.
[17:01:07] [Server thread/INFO]: Admin1: lappa
[17:01:07] [Server thread/INFO]: Admin3: hucker
[17:01:07] [Server thread/INFO]: Player: Barbara2000, bikben, coachest, dgentelmen1, Jeff964, Kamil_Shar, leco100, Mr_Sany, Nastuha, POPsJBan, Roki, Sergey_Zolotarev, sid24082001, Starik, vvvitia201, xKillerRainbowx
[17:01:42] [Server thread/INFO]: На сервере 18 игроков из 40 максимальных.
[17:01:42] [Server thread/INFO]: Admin1: lappa
[17:01:42] [Server thread/INFO]: Admin3: hucker
[17:01:42] [Server thread/INFO]: Player: Barbara2000, bikben, coachest, dgentelmen1, Jeff964, Kamil_Shar, leco100, Mr_Sany, Nastuha, POPsJBan, Roki, Sergey_Zolotarev, sid24082001, Starik, vvvitia201, xKillerRainbowx
[17:02:17] [Server thread/INFO]: На сервере 18 игроков из 40 максимальных.
[17:02:17] [Server thread/INFO]: Admin1: lappa
[17:02:17] [Server thread/INFO]: Admin3: hucker
[17:02:17] [Server thread/INFO]: Player: Barbara2000, bikben, coachest, dgentelmen1, Jeff964, Kamil_Shar, leco100, Mr_Sany, Nastuha, POPsJBan, Roki, Sergey_Zolotarev, sid24082001, Starik, vvvitia201, xKillerRainbowx
[17:02:28] [Server thread/INFO]: CONSOLE: Enabled level saving..
[17:02:28] [Server thread/INFO]: CONSOLE: Forcing save..
[17:02:28] [Server thread/INFO]: CONSOLE: Save complete.
[17:02:28] [Server thread/INFO]: [Server] World saved.
[17:02:52] [Server thread/INFO]: На сервере 18 игроков из 40 максимальных.
[17:02:52] [Server thread/INFO]: Admin1: lappa
[17:02:52] [Server thread/INFO]: Admin3: hucker
[17:02:52] [Server thread/INFO]: Player: Barbara2000, bikben, coachest, dgentelmen1, Jeff964, Kamil_Shar, leco100, Mr_Sany, Nastuha, POPsJBan, Roki, Sergey_Zolotarev, sid24082001, Starik, vvvitia201, xKillerRainbowx
[17:03:27] [Server thread/INFO]: На сервере 18 игроков из 40 максимальных.
[17:03:27] [Server thread/INFO]: Admin1: lappa
[17:03:27] [Server thread/INFO]: Admin3: hucker
[17:03:27] [Server thread/INFO]: Player: Barbara2000, bikben, coachest, dgentelmen1, Jeff964, Kamil_Shar, leco100, Mr_Sany, Nastuha, POPsJBan, Roki, Sergey_Zolotarev, sid24082001, Starik, vvvitia201, xKillerRainbowx
[17:04:02] [Server thread/INFO]: На сервере 18 игроков из 40 максимальных.
[17:04:02] [Server thread/INFO]: Admin1: lappa
[17:04:02] [Server thread/INFO]: Admin3: hucker
[17:04:02] [Server thread/INFO]: Player: Barbara2000, bikben, coachest, dgentelmen1, Jeff964, Kamil_Shar, leco100, Mr_Sany, Nastuha, POPsJBan, Roki, Sergey_Zolotarev, sid24082001, Starik, vvvitia201, xKillerRainbowx
[17:04:37] [Server thread/INFO]: На сервере 18 игроков из 40 максимальных.
[17:04:37] [Server thread/INFO]: Admin1: lappa
[17:04:37] [Server thread/INFO]: Admin3: hucker
[17:04:37] [Server thread/INFO]: Player: Barbara2000, bikben, coachest, dgentelmen1, Jeff964, Kamil_Shar, leco100, Mr_Sany, Nastuha, POPsJBan, Roki, Sergey_Zolotarev, sid24082001, Starik, vvvitia201, xKillerRainbowx
[17:05:12] [Server thread/INFO]: На сервере 18 игроков из 40 максимальных.
[17:05:12] [Server thread/INFO]: Admin1: lappa
[17:05:12] [Server thread/INFO]: Admin3: hucker
[17:05:12] [Server thread/INFO]: Player: Barbara2000, bikben, coachest, dgentelmen1, Jeff964, Kamil_Shar, leco100, Mr_Sany, Nastuha, POPsJBan, Roki, Sergey_Zolotarev, sid24082001, Starik, vvvitia201, xKillerRainbowx
[17:05:47] [Server thread/INFO]: На сервере 18 игроков из 40 максимальных.
[17:05:47] [Server thread/INFO]: Admin1: lappa
[17:05:47] [Server thread/INFO]: Admin3: hucker
[17:05:47] [Server thread/INFO]: Player: Barbara2000, bikben, coachest, dgentelmen1, Jeff964, Kamil_Shar, leco100, Mr_Sany, Nastuha, POPsJBan, Roki, Sergey_Zolotarev, sid24082001, Starik, vvvitia201, xKillerRainbowx
[17:06:21] [Server thread/INFO]: На сервере 18 игроков из 40 максимальных.
[17:06:21] [Server thread/INFO]: Admin1: lappa
[17:06:21] [Server thread/INFO]: Admin3: hucker
[17:06:21] [Server thread/INFO]: Player: Barbara2000, bikben, coachest, dgentelmen1, Jeff964, Kamil_Shar, leco100, Mr_Sany, Nastuha, POPsJBan, Roki, Sergey_Zolotarev, sid24082001, Starik, vvvitia201, xKillerRainbowx
[17:06:56] [Server thread/INFO]: На сервере 18 игроков из 40 максимальных.
[17:06:56] [Server thread/INFO]: Admin1: lappa
[17:06:56] [Server thread/INFO]: Admin3: hucker
[17:06:56] [Server thread/INFO]: Player: Barbara2000, bikben, coachest, dgentelmen1, Jeff964, Kamil_Shar, leco100, Mr_Sany, Nastuha, POPsJBan, Roki, Sergey_Zolotarev, sid24082001, Starik, vvvitia201, xKillerRainbowx
[17:07:31] [Server thread/INFO]: На сервере 18 игроков из 40 максимальных.
[17:07:31] [Server thread/INFO]: Admin1: lappa
[17:07:31] [Server thread/INFO]: Admin3: hucker
[17:07:31] [Server thread/INFO]: Player: Barbara2000, bikben, coachest, dgentelmen1, Jeff964, Kamil_Shar, leco100, Mr_Sany, Nastuha, POPsJBan, Roki, Sergey_Zolotarev, sid24082001, Starik, vvvitia201, xKillerRainbowx
[17:08:06] [Server thread/INFO]: На сервере 18 игроков из 40 максимальных.
[17:08:06] [Server thread/INFO]: Admin1: lappa
[17:08:06] [Server thread/INFO]: Admin3: hucker
[17:08:06] [Server thread/INFO]: Player: Barbara2000, bikben, coachest, dgentelmen1, Jeff964, Kamil_Shar, leco100, Mr_Sany, Nastuha, POPsJBan, Roki, Sergey_Zolotarev, sid24082001, Starik, vvvitia201, xKillerRainbowx
[17:08:41] [Server thread/INFO]: На сервере 18 игроков из 40 максимальных.
[17:08:41] [Server thread/INFO]: Admin1: lappa
[17:08:41] [Server thread/INFO]: Admin3: hucker
[17:08:41] [Server thread/INFO]: Player: Barbara2000, bikben, coachest, dgentelmen1, Jeff964, Kamil_Shar, leco100, Mr_Sany, Nastuha, POPsJBan, Roki, Sergey_Zolotarev, sid24082001, Starik, vvvitia201, xKillerRainbowx
[17:09:16] [Server thread/INFO]: На сервере 18 игроков из 40 максимальных.
[17:09:16] [Server thread/INFO]: Admin1: lappa
[17:09:16] [Server thread/INFO]: Admin3: hucker
[17:09:16] [Server thread/INFO]: Player: Barbara2000, bikben, coachest, dgentelmen1, Jeff964, Kamil_Shar, leco100, Mr_Sany, Nastuha, POPsJBan, Roki, Sergey_Zolotarev, sid24082001, Starik, vvvitia201, xKillerRainbowx
[17:09:51] [Server thread/INFO]: На сервере 18 игроков из 40 максимальных.
[17:09:51] [Server thread/INFO]: Admin1: lappa
[17:09:51] [Server thread/INFO]: Admin3: hucker
[17:09:51] [Server thread/INFO]: Player: Barbara2000, bikben, coachest, dgentelmen1, Jeff964, Kamil_Shar, leco100, Mr_Sany, Nastuha, POPsJBan, Roki, Sergey_Zolotarev, sid24082001, Starik, vvvitia201, xKillerRainbowx
[17:10:26] [Server thread/INFO]: На сервере 18 игроков из 40 максимальных.
[17:10:26] [Server thread/INFO]: Admin1: lappa
[17:10:26] [Server thread/INFO]: Admin3: hucker
[17:10:26] [Server thread/INFO]: Player: Barbara2000, bikben, coachest, dgentelmen1, Jeff964, Kamil_Shar, leco100, Mr_Sany, Nastuha, POPsJBan, Roki, Sergey_Zolotarev, sid24082001, Starik, vvvitia201, xKillerRainbowx
[17:11:01] [Server thread/INFO]: На сервере 18 игроков из 40 максимальных.
[17:11:01] [Server thread/INFO]: Admin1: lappa
[17:11:01] [Server thread/INFO]: Admin3: hucker
[17:11:01] [Server thread/INFO]: Player: Barbara2000, bikben, coachest, dgentelmen1, Jeff964, Kamil_Shar, leco100, Mr_Sany, Nastuha, POPsJBan, Roki, Sergey_Zolotarev, sid24082001, Starik, vvvitia201, xKillerRainbowx
[17:11:35] [Server thread/INFO]: На сервере 18 игроков из 40 максимальных.
[17:11:35] [Server thread/INFO]: Admin1: lappa
[17:11:35] [Server thread/INFO]: Admin3: hucker
[17:11:35] [Server thread/INFO]: Player: Barbara2000, bikben, coachest, dgentelmen1, Jeff964, Kamil_Shar, leco100, Mr_Sany, Nastuha, POPsJBan, Roki, Sergey_Zolotarev, sid24082001, Starik, vvvitia201, xKillerRainbowx
[17:12:10] [Server thread/INFO]: На сервере 18 игроков из 40 максимальных.
[17:12:10] [Server thread/INFO]: Admin1: lappa
[17:12:10] [Server thread/INFO]: Admin3: hucker
[17:12:10] [Server thread/INFO]: Player: Barbara2000, bikben, coachest, dgentelmen1, Jeff964, Kamil_Shar, leco100, Mr_Sany, Nastuha, POPsJBan, Roki, Sergey_Zolotarev, sid24082001, Starik, vvvitia201, xKillerRainbowx
[17:12:33] [Server thread/INFO]: CONSOLE: Enabled level saving..
[17:12:33] [Server thread/INFO]: CONSOLE: Forcing save..
[17:12:33] [Server thread/INFO]: CONSOLE: Save complete.
[17:12:33] [Server thread/INFO]: [Server] World saved.
[17:12:45] [Server thread/INFO]: На сервере 18 игроков из 40 максимальных.
[17:12:45] [Server thread/INFO]: Admin1: lappa
[17:12:45] [Server thread/INFO]: Admin3: hucker
[17:12:45] [Server thread/INFO]: Player: Barbara2000, bikben, coachest, dgentelmen1, Jeff964, Kamil_Shar, leco100, Mr_Sany, Nastuha, POPsJBan, Roki, Sergey_Zolotarev, sid24082001, Starik, vvvitia201, xKillerRainbowx
[17:13:20] [Server thread/INFO]: На сервере 18 игроков из 40 максимальных.
[17:13:20] [Server thread/INFO]: Admin1: lappa
[17:13:20] [Server thread/INFO]: Admin3: hucker
[17:13:20] [Server thread/INFO]: Player: Barbara2000, bikben, coachest, dgentelmen1, Jeff964, Kamil_Shar, leco100, Mr_Sany, Nastuha, POPsJBan, Roki, Sergey_Zolotarev, sid24082001, Starik, vvvitia201, xKillerRainbowx
[17:13:55] [Server thread/INFO]: На сервере 18 игроков из 40 максимальных.
[17:13:55] [Server thread/INFO]: Admin1: lappa
[17:13:55] [Server thread/INFO]: Admin3: hucker
[17:13:55] [Server thread/INFO]: Player: Barbara2000, bikben, coachest, dgentelmen1, Jeff964, Kamil_Shar, leco100, Mr_Sany, Nastuha, POPsJBan, Roki, Sergey_Zolotarev, sid24082001, Starik, vvvitia201, xKillerRainbowx
[17:14:30] [Server thread/INFO]: На сервере 18 игроков из 40 максимальных.
[17:14:30] [Server thread/INFO]: Admin1: lappa
[17:14:30] [Server thread/INFO]: Admin3: hucker
[17:14:30] [Server thread/INFO]: Player: Barbara2000, bikben, coachest, dgentelmen1, Jeff964, Kamil_Shar, leco100, Mr_Sany, Nastuha, POPsJBan, Roki, Sergey_Zolotarev, sid24082001, Starik, vvvitia201, xKillerRainbowx
[17:15:05] [Server thread/INFO]: На сервере 18 игроков из 40 максимальных.
[17:15:05] [Server thread/INFO]: Admin1: lappa
[17:15:05] [Server thread/INFO]: Admin3: hucker
[17:15:05] [Server thread/INFO]: Player: Barbara2000, bikben, coachest, dgentelmen1, Jeff964, Kamil_Shar, leco100, Mr_Sany, Nastuha, POPsJBan, Roki, Sergey_Zolotarev, sid24082001, Starik, vvvitia201, xKillerRainbowx
[17:15:40] [Server thread/INFO]: На сервере 18 игроков из 40 максимальных.
[17:15:40] [Server thread/INFO]: Admin1: lappa
[17:15:40] [Server thread/INFO]: Admin3: hucker
[17:15:40] [Server thread/INFO]: Player: Barbara2000, bikben, coachest, dgentelmen1, Jeff964, Kamil_Shar, leco100, Mr_Sany, Nastuha, POPsJBan, Roki, Sergey_Zolotarev, sid24082001, Starik, vvvitia201, xKillerRainbowx
[17:16:14] [Server thread/INFO]: На сервере 18 игроков из 40 максимальных.
[17:16:14] [Server thread/INFO]: Admin1: lappa
[17:16:14] [Server thread/INFO]: Admin3: hucker
[17:16:14] [Server thread/INFO]: Player: Barbara2000, bikben, coachest, dgentelmen1, Jeff964, Kamil_Shar, leco100, Mr_Sany, Nastuha, POPsJBan, Roki, Sergey_Zolotarev, sid24082001, Starik, vvvitia201, xKillerRainbowx
[17:16:49] [Server thread/INFO]: На сервере 18 игроков из 40 максимальных.
[17:16:49] [Server thread/INFO]: Admin1: lappa
[17:16:49] [Server thread/INFO]: Admin3: hucker
[17:16:49] [Server thread/INFO]: Player: Barbara2000, bikben, coachest, dgentelmen1, Jeff964, Kamil_Shar, leco100, Mr_Sany, Nastuha, POPsJBan, Roki, Sergey_Zolotarev, sid24082001, Starik, vvvitia201, xKillerRainbowx
[17:17:24] [Server thread/INFO]: На сервере 18 игроков из 40 максимальных.
[17:17:24] [Server thread/INFO]: Admin1: lappa
[17:17:24] [Server thread/INFO]: Admin3: hucker
[17:17:24] [Server thread/INFO]: Player: Barbara2000, bikben, coachest, dgentelmen1, Jeff964, Kamil_Shar, leco100, Mr_Sany, Nastuha, POPsJBan, Roki, Sergey_Zolotarev, sid24082001, Starik, vvvitia201, xKillerRainbowx
[17:17:59] [Server thread/INFO]: На сервере 18 игроков из 40 максимальных.
[17:17:59] [Server thread/INFO]: Admin1: lappa
[17:17:59] [Server thread/INFO]: Admin3: hucker
[17:17:59] [Server thread/INFO]: Player: Barbara2000, bikben, coachest, dgentelmen1, Jeff964, Kamil_Shar, leco100, Mr_Sany, Nastuha, POPsJBan, Roki, Sergey_Zolotarev, sid24082001, Starik, vvvitia201, xKillerRainbowx
[17:18:34] [Server thread/INFO]: На сервере 18 игроков из 40 максимальных.
[17:18:34] [Server thread/INFO]: Admin1: lappa
[17:18:34] [Server thread/INFO]: Admin3: hucker
[17:18:34] [Server thread/INFO]: Player: Barbara2000, bikben, coachest, dgentelmen1, Jeff964, Kamil_Shar, leco100, Mr_Sany, Nastuha, POPsJBan, Roki, Sergey_Zolotarev, sid24082001, Starik, vvvitia201, xKillerRainbowx
[17:19:09] [Server thread/INFO]: На сервере 18 игроков из 40 максимальных.
[17:19:09] [Server thread/INFO]: Admin1: lappa
[17:19:09] [Server thread/INFO]: Admin3: hucker
[17:19:09] [Server thread/INFO]: Player: Barbara2000, bikben, coachest, dgentelmen1, Jeff964, Kamil_Shar, leco100, Mr_Sany, Nastuha, POPsJBan, Roki, Sergey_Zolotarev, sid24082001, Starik, vvvitia201, xKillerRainbowx
[17:19:44] [Server thread/INFO]: На сервере 18 игроков из 40 максимальных.
[17:19:44] [Server thread/INFO]: Admin1: lappa
[17:19:44] [Server thread/INFO]: Admin3: hucker
[17:19:44] [Server thread/INFO]: Player: Barbara2000, bikben, coachest, dgentelmen1, Jeff964, Kamil_Shar, leco100, Mr_Sany, Nastuha, POPsJBan, Roki, Sergey_Zolotarev, sid24082001, Starik, vvvitia201, xKillerRainbowx
[17:20:19] [Server thread/INFO]: На сервере 18 игроков из 40 максимальных.
[17:20:19] [Server thread/INFO]: Admin1: lappa
[17:20:19] [Server thread/INFO]: Admin3: hucker
[17:20:19] [Server thread/INFO]: Player: Barbara2000, bikben, coachest, dgentelmen1, Jeff964, Kamil_Shar, leco100, Mr_Sany, Nastuha, POPsJBan, Roki, Sergey_Zolotarev, sid24082001, Starik, vvvitia201, xKillerRainbowx
[17:20:54] [Server thread/INFO]: На сервере 18 игроков из 40 максимальных.
[17:20:54] [Server thread/INFO]: Admin1: lappa
[17:20:54] [Server thread/INFO]: Admin3: hucker
[17:20:54] [Server thread/INFO]: Player: Barbara2000, bikben, coachest, dgentelmen1, Jeff964, Kamil_Shar, leco100, Mr_Sany, Nastuha, POPsJBan, Roki, Sergey_Zolotarev, sid24082001, Starik, vvvitia201, xKillerRainbowx
[17:21:28] [Server thread/INFO]: На сервере 18 игроков из 40 максимальных.
[17:21:28] [Server thread/INFO]: Admin1: lappa
[17:21:28] [Server thread/INFO]: Admin3: hucker
[17:21:28] [Server thread/INFO]: Player: Barbara2000, bikben, coachest, dgentelmen1, Jeff964, Kamil_Shar, leco100, Mr_Sany, Nastuha, POPsJBan, Roki, Sergey_Zolotarev, sid24082001, Starik, vvvitia201, xKillerRainbowx
[17:22:03] [Server thread/INFO]: На сервере 18 игроков из 40 максимальных.
[17:22:03] [Server thread/INFO]: Admin1: lappa
[17:22:03] [Server thread/INFO]: Admin3: hucker
[17:22:03] [Server thread/INFO]: Player: Barbara2000, bikben, coachest, dgentelmen1, Jeff964, Kamil_Shar, leco100, Mr_Sany, Nastuha, POPsJBan, Roki, Sergey_Zolotarev, sid24082001, Starik, vvvitia201, xKillerRainbowx
[17:22:38] [Server thread/INFO]: CONSOLE: Enabled level saving..
[17:22:38] [Server thread/INFO]: CONSOLE: Forcing save..
[17:22:38] [Server thread/INFO]: CONSOLE: Save complete.
[17:22:38] [Server thread/INFO]: [Server] World saved.
[17:22:38] [Server thread/INFO]: На сервере 18 игроков из 40 максимальных.
[17:22:38] [Server thread/INFO]: Admin1: lappa
[17:22:38] [Server thread/INFO]: Admin3: hucker
[17:22:38] [Server thread/INFO]: Player: Barbara2000, bikben, coachest, dgentelmen1, Jeff964, Kamil_Shar, leco100, Mr_Sany, Nastuha, POPsJBan, Roki, Sergey_Zolotarev, sid24082001, Starik, vvvitia201, xKillerRainbowx
[17:23:13] [Server thread/INFO]: На сервере 18 игроков из 40 максимальных.
[17:23:13] [Server thread/INFO]: Admin1: lappa
[17:23:13] [Server thread/INFO]: Admin3: hucker
[17:23:13] [Server thread/INFO]: Player: Barbara2000, bikben, coachest, dgentelmen1, Jeff964, Kamil_Shar, leco100, Mr_Sany, Nastuha, POPsJBan, Roki, Sergey_Zolotarev, sid24082001, Starik, vvvitia201, xKillerRainbowx
[17:23:48] [Server thread/INFO]: На сервере 18 игроков из 40 максимальных.
[17:23:48] [Server thread/INFO]: Admin1: lappa
[17:23:48] [Server thread/INFO]: Admin3: hucker
[17:23:48] [Server thread/INFO]: Player: Barbara2000, bikben, coachest, dgentelmen1, Jeff964, Kamil_Shar, leco100, Mr_Sany, Nastuha, POPsJBan, Roki, Sergey_Zolotarev, sid24082001, Starik, vvvitia201, xKillerRainbowx
[17:24:23] [Server thread/INFO]: На сервере 18 игроков из 40 максимальных.
[17:24:23] [Server thread/INFO]: Admin1: lappa
[17:24:23] [Server thread/INFO]: Admin3: hucker
[17:24:23] [Server thread/INFO]: Player: Barbara2000, bikben, coachest, dgentelmen1, Jeff964, Kamil_Shar, leco100, Mr_Sany, Nastuha, POPsJBan, Roki, Sergey_Zolotarev, sid24082001, Starik, vvvitia201, xKillerRainbowx
[17:24:58] [Server thread/INFO]: На сервере 18 игроков из 40 максимальных.
[17:24:58] [Server thread/INFO]: Admin1: lappa
[17:24:58] [Server thread/INFO]: Admin3: hucker
[17:24:58] [Server thread/INFO]: Player: Barbara2000, bikben, coachest, dgentelmen1, Jeff964, Kamil_Shar, leco100, Mr_Sany, Nastuha, POPsJBan, Roki, Sergey_Zolotarev, sid24082001, Starik, vvvitia201, xKillerRainbowx
[17:25:33] [Server thread/INFO]: На сервере 18 игроков из 40 максимальных.
[17:25:33] [Server thread/INFO]: Admin1: lappa
[17:25:33] [Server thread/INFO]: Admin3: hucker
[17:25:33] [Server thread/INFO]: Player: Barbara2000, bikben, coachest, dgentelmen1, Jeff964, Kamil_Shar, leco100, Mr_Sany, Nastuha, POPsJBan, Roki, Sergey_Zolotarev, sid24082001, Starik, vvvitia201, xKillerRainbowx
[17:26:08] [Server thread/INFO]: На сервере 18 игроков из 40 максимальных.
[17:26:08] [Server thread/INFO]: Admin1: lappa
[17:26:08] [Server thread/INFO]: Admin3: hucker
[17:26:08] [Server thread/INFO]: Player: Barbara2000, bikben, coachest, dgentelmen1, Jeff964, Kamil_Shar, leco100, Mr_Sany, Nastuha, POPsJBan, Roki, Sergey_Zolotarev, sid24082001, Starik, vvvitia201, xKillerRainbowx
[17:26:42] [Server thread/INFO]: На сервере 18 игроков из 40 максимальных.
[17:26:42] [Server thread/INFO]: Admin1: lappa
[17:26:42] [Server thread/INFO]: Admin3: hucker
[17:26:42] [Server thread/INFO]: Player: Barbara2000, bikben, coachest, dgentelmen1, Jeff964, Kamil_Shar, leco100, Mr_Sany, Nastuha, POPsJBan, Roki, Sergey_Zolotarev, sid24082001, Starik, vvvitia201, xKillerRainbowx
[17:27:17] [Server thread/INFO]: На сервере 18 игроков из 40 максимальных.
[17:27:17] [Server thread/INFO]: Admin1: lappa
[17:27:17] [Server thread/INFO]: Admin3: hucker
[17:27:17] [Server thread/INFO]: Player: Barbara2000, bikben, coachest, dgentelmen1, Jeff964, Kamil_Shar, leco100, Mr_Sany, Nastuha, POPsJBan, Roki, Sergey_Zolotarev, sid24082001, Starik, vvvitia201, xKillerRainbowx
[17:27:52] [Server thread/INFO]: На сервере 18 игроков из 40 максимальных.
[17:27:52] [Server thread/INFO]: Admin1: lappa
[17:27:52] [Server thread/INFO]: Admin3: hucker
[17:27:52] [Server thread/INFO]: Player: Barbara2000, bikben, coachest, dgentelmen1, Jeff964, Kamil_Shar, leco100, Mr_Sany, Nastuha, POPsJBan, Roki, Sergey_Zolotarev, sid24082001, Starik, vvvitia201, xKillerRainbowx
[17:28:27] [Server thread/INFO]: На сервере 18 игроков из 40 максимальных.
[17:28:27] [Server thread/INFO]: Admin1: lappa
[17:28:27] [Server thread/INFO]: Admin3: hucker
[17:28:27] [Server thread/INFO]: Player: Barbara2000, bikben, coachest, dgentelmen1, Jeff964, Kamil_Shar, leco100, Mr_Sany, Nastuha, POPsJBan, Roki, Sergey_Zolotarev, sid24082001, Starik, vvvitia201, xKillerRainbowx
[17:29:02] [Server thread/INFO]: На сервере 18 игроков из 40 максимальных.
[17:29:02] [Server thread/INFO]: Admin1: lappa
[17:29:02] [Server thread/INFO]: Admin3: hucker
[17:29:02] [Server thread/INFO]: Player: Barbara2000, bikben, coachest, dgentelmen1, Jeff964, Kamil_Shar, leco100, Mr_Sany, Nastuha, POPsJBan, Roki, Sergey_Zolotarev, sid24082001, Starik, vvvitia201, xKillerRainbowx
[17:29:37] [Server thread/INFO]: На сервере 18 игроков из 40 максимальных.
[17:29:37] [Server thread/INFO]: Admin1: lappa
[17:29:37] [Server thread/INFO]: Admin3: hucker
[17:29:37] [Server thread/INFO]: Player: Barbara2000, bikben, coachest, dgentelmen1, Jeff964, Kamil_Shar, leco100, Mr_Sany, Nastuha, POPsJBan, Roki, Sergey_Zolotarev, sid24082001, Starik, vvvitia201, xKillerRainbowx
